#
# There is insufficient memory for the Java Runtime Environment to continue.
# Native memory allocation (mmap) failed to map 89128960 bytes for committing reserved memory.
# Possible reasons:
#   The system is out of physical RAM or swap space
#   The process is running with CompressedOops enabled, and the Java Heap may be blocking the growth of the native heap
# Possible solutions:
#   Reduce memory load on the system
#   Increase physical memory or swap space
#   Check if swap backing store is full
#   Decrease Java heap size (-Xmx/-Xms)
#   Decrease number of Java threads
#   Decrease Java thread stack sizes (-Xss)
#   Set larger code cache with -XX:ReservedCodeCacheSize=
#   JVM is running with Unscaled Compressed Oops mode in which the Java heap is
#     placed in the first 4GB address space. The Java Heap base address is the
#     maximum limit for the native heap growth. Please use -XX:HeapBaseMinAddress
#     to set the Java Heap base and to place the Java Heap above 4GB virtual address.
# This output file may be truncated or incomplete.
#
#  Out of Memory Error (os_linux.cpp:2757), pid=29916, tid=0x00007f8b75ebe700
#
# JRE version: OpenJDK Runtime Environment (8.0_252-b09) (build 1.8.0_252-8u252-b09-1~18.04-b09)
# Java VM: OpenJDK 64-Bit Server VM (25.252-b09 mixed mode linux-amd64 compressed oops)
# Failed to write core dump. Core dumps have been disabled. To enable core dumping, try "ulimit -c unlimited" before starting Java again
#

---------------  T H R E A D  ---------------

Current thread (0x00007f8b88079800):  VMThread [stack: 0x00007f8b75dbf000,0x00007f8b75ebf000] [id=29943]

Stack: [0x00007f8b75dbf000,0x00007f8b75ebf000],  sp=0x00007f8b75ebd350,  free space=1016k
Native frames: (J=compiled Java code, j=interpreted, Vv=VM code, C=native code)
V  [libjvm.so+0xabcb22]
V  [libjvm.so+0x4de337]
V  [libjvm.so+0x8f6ad0]
V  [libjvm.so+0x8edb9e]
V  [libjvm.so+0x971536]
V  [libjvm.so+0x9728a8]
V  [libjvm.so+0x96eea6]
V  [libjvm.so+0x96f23c]
V  [libjvm.so+0x91dd08]
V  [libjvm.so+0xabe852]
V  [libjvm.so+0xac3446]
V  [libjvm.so+0xac16f5]
V  [libjvm.so+0xac1fce]
V  [libjvm.so+0xac2428]
V  [libjvm.so+0x8f3e62]

VM_Operation (0x00007f8b8f2af620): ParallelGCFailedAllocation, mode: safepoint, requested by thread 0x00007f8b8800b800


---------------  P R O C E S S  ---------------

Java Threads: ( => current thread )
  0x00007f8b880ca000 JavaThread "Service Thread" daemon [_thread_blocked, id=29950, stack(0x00007f8b75381000,0x00007f8b75482000)]
  0x00007f8b880bf000 JavaThread "C1 CompilerThread2" daemon [_thread_blocked, id=29949, stack(0x00007f8b75483000,0x00007f8b75583000)]
  0x00007f8b880bd800 JavaThread "C2 CompilerThread1" daemon [_thread_blocked, id=29948, stack(0x00007f8b75584000,0x00007f8b75684000)]
  0x00007f8b880ba800 JavaThread "C2 CompilerThread0" daemon [_thread_blocked, id=29947, stack(0x00007f8b75685000,0x00007f8b75785000)]
  0x00007f8b880b6800 JavaThread "Signal Dispatcher" daemon [_thread_blocked, id=29946, stack(0x00007f8b75785000,0x00007f8b75886000)]
  0x00007f8b88087800 JavaThread "Finalizer" daemon [_thread_blocked, id=29945, stack(0x00007f8b75bbc000,0x00007f8b75cbd000)]
  0x00007f8b88083000 JavaThread "Reference Handler" daemon [_thread_blocked, id=29944, stack(0x00007f8b75cbd000,0x00007f8b75dbe000)]
  0x00007f8b8800b800 JavaThread "main" [_thread_blocked, id=29938, stack(0x00007f8b8f1b3000,0x00007f8b8f2b3000)]

Other Threads:
=>0x00007f8b88079800 VMThread [stack: 0x00007f8b75dbf000,0x00007f8b75ebf000] [id=29943]
  0x00007f8b880cd000 WatcherThread [stack: 0x00007f8b75281000,0x00007f8b75381000] [id=29951]

VM state:at safepoint (normal execution)

VM Mutex/Monitor currently owned by a thread:  ([mutex/lock_event])
[0x00007f8b88007fa0] Threads_lock - owner thread: 0x00007f8b88079800
[0x00007f8b880084a0] Heap_lock - owner thread: 0x00007f8b8800b800

heap address: 0x0000000085000000, size: 1968 MB, Compressed Oops mode: 32-bit
Narrow klass base: 0x0000000000000000, Narrow klass shift: 3
Compressed class space size: 1073741824 Address: 0x0000000100000000

Heap:
 PSYoungGen      total 521216K, used 51705K [0x00000000d7000000, 0x00000000fab00000, 0x0000000100000000)
  eden space 469504K, 0% used [0x00000000d7000000,0x00000000d7000000,0x00000000f3a80000)
  from space 51712K, 99% used [0x00000000f3a80000,0x00000000f6cfe558,0x00000000f6d00000)
  to   space 41472K, 0% used [0x00000000f6d00000,0x00000000f6d00000,0x00000000f9580000)
 ParOldGen       total 154112K, used 98982K [0x0000000085000000, 0x000000008e680000, 0x00000000d7000000)
  object space 154112K, 64% used [0x0000000085000000,0x000000008b0a9a20,0x000000008e680000)
 Metaspace       used 32184K, capacity 33276K, committed 33408K, reserved 1079296K
  class space    used 3413K, capacity 3681K, committed 3712K, reserved 1048576K

Card table byte_map: [0x00007f8b78232000,0x00007f8b7860b000] byte_map_base: 0x00007f8b77e0a000

Marking Bits: (ParMarkBitMap*) 0x00007f8b8e4513c0
 Begin Bits: [0x00007f8b6c280000, 0x00007f8b6e140000)
 End Bits:   [0x00007f8b6e140000, 0x00007f8b70000000)

Polling page: 0x00007f8b8f2d2000

CodeCache: size=245760Kb used=31851Kb max_used=31851Kb free=213908Kb
 bounds [0x00007f8b789cb000, 0x00007f8b7a91b000, 0x00007f8b879cb000]
 total_blobs=8658 nmethods=8232 adapters=340
 compilation: enabled

Compilation events (10 events):
Event: 30,156 Thread 0x00007f8b880bf000 10290       3       org.objectweb.asm.MethodWriter::visitLdcInsn (215 bytes)
Event: 30,157 Thread 0x00007f8b880bf000 nmethod 10290 0x00007f8b7a897350 code [0x00007f8b7a897560, 0x00007f8b7a898038]
Event: 30,157 Thread 0x00007f8b880bf000 10277       3       org.objectweb.asm.AnnotationWriter::visitEnd (44 bytes)
Event: 30,158 Thread 0x00007f8b880bf000 nmethod 10277 0x00007f8b7a1cc710 code [0x00007f8b7a1cc880, 0x00007f8b7a1cca70]
Event: 30,158 Thread 0x00007f8b880bf000 10292       3       org.objectweb.asm.SymbolTable::addTypeInternal (85 bytes)
Event: 30,158 Thread 0x00007f8b880bf000 nmethod 10292 0x00007f8b7a896a10 code [0x00007f8b7a896bc0, 0x00007f8b7a897138]
Event: 30,158 Thread 0x00007f8b880bf000 10273       3       org.objectweb.asm.ClassVisitor::<init> (47 bytes)
Event: 30,158 Thread 0x00007f8b880bf000 nmethod 10273 0x00007f8b7999e290 code [0x00007f8b7999e420, 0x00007f8b7999e788]
Event: 30,161 Thread 0x00007f8b880bf000 10293       3       org.objectweb.asm.ClassReader::readField (667 bytes)
Event: 30,165 Thread 0x00007f8b880bf000 nmethod 10293 0x00007f8b7a912e90 code [0x00007f8b7a9133e0, 0x00007f8b7a9169f8]

GC Heap History (10 events):
Event: 16,185 GC heap after
Heap after GC invocations=14 (full 2):
 PSYoungGen      total 316416K, used 10754K [0x00000000d7000000, 0x00000000ec580000, 0x0000000100000000)
  eden space 296448K, 0% used [0x00000000d7000000,0x00000000d7000000,0x00000000e9180000)
  from space 19968K, 53% used [0x00000000eb200000,0x00000000ebc80988,0x00000000ec580000)
  to   space 26624K, 0% used [0x00000000e9180000,0x00000000e9180000,0x00000000eab80000)
 ParOldGen       total 154112K, used 64893K [0x0000000085000000, 0x000000008e680000, 0x00000000d7000000)
  object space 154112K, 42% used [0x0000000085000000,0x0000000088f5f530,0x000000008e680000)
 Metaspace       used 29643K, capacity 30568K, committed 30976K, reserved 1077248K
  class space    used 3237K, capacity 3497K, committed 3584K, reserved 1048576K
}
Event: 18,220 GC heap before
{Heap before GC invocations=15 (full 2):
 PSYoungGen      total 316416K, used 307202K [0x00000000d7000000, 0x00000000ec580000, 0x0000000100000000)
  eden space 296448K, 100% used [0x00000000d7000000,0x00000000e9180000,0x00000000e9180000)
  from space 19968K, 53% used [0x00000000eb200000,0x00000000ebc80988,0x00000000ec580000)
  to   space 26624K, 0% used [0x00000000e9180000,0x00000000e9180000,0x00000000eab80000)
 ParOldGen       total 154112K, used 64893K [0x0000000085000000, 0x000000008e680000, 0x00000000d7000000)
  object space 154112K, 42% used [0x0000000085000000,0x0000000088f5f530,0x000000008e680000)
 Metaspace       used 29736K, capacity 30632K, committed 30976K, reserved 1077248K
  class space    used 3238K, capacity 3497K, committed 3584K, reserved 1048576K
Event: 18,291 GC heap after
Heap after GC invocations=15 (full 2):
 PSYoungGen      total 323072K, used 26593K [0x00000000d7000000, 0x00000000f2700000, 0x0000000100000000)
  eden space 296448K, 0% used [0x00000000d7000000,0x00000000d7000000,0x00000000e9180000)
  from space 26624K, 99% used [0x00000000e9180000,0x00000000eab784d8,0x00000000eab80000)
  to   space 34816K, 0% used [0x00000000f0500000,0x00000000f0500000,0x00000000f2700000)
 ParOldGen       total 154112K, used 76513K [0x0000000085000000, 0x000000008e680000, 0x00000000d7000000)
  object space 154112K, 49% used [0x0000000085000000,0x0000000089ab85f0,0x000000008e680000)
 Metaspace       used 29736K, capacity 30632K, committed 30976K, reserved 1077248K
  class space    used 3238K, capacity 3497K, committed 3584K, reserved 1048576K
}
Event: 19,331 GC heap before
{Heap before GC invocations=16 (full 2):
 PSYoungGen      total 323072K, used 323041K [0x00000000d7000000, 0x00000000f2700000, 0x0000000100000000)
  eden space 296448K, 100% used [0x00000000d7000000,0x00000000e9180000,0x00000000e9180000)
  from space 26624K, 99% used [0x00000000e9180000,0x00000000eab784d8,0x00000000eab80000)
  to   space 34816K, 0% used [0x00000000f0500000,0x00000000f0500000,0x00000000f2700000)
 ParOldGen       total 154112K, used 76513K [0x0000000085000000, 0x000000008e680000, 0x00000000d7000000)
  object space 154112K, 49% used [0x0000000085000000,0x0000000089ab85f0,0x000000008e680000)
 Metaspace       used 29784K, capacity 30696K, committed 30976K, reserved 1077248K
  class space    used 3239K, capacity 3497K, committed 3584K, reserved 1048576K
Event: 19,374 GC heap after
Heap after GC invocations=16 (full 2):
 PSYoungGen      total 411136K, used 29245K [0x00000000d7000000, 0x00000000f2f00000, 0x0000000100000000)
  eden space 376320K, 0% used [0x00000000d7000000,0x00000000d7000000,0x00000000edf80000)
  from space 34816K, 83% used [0x00000000f0500000,0x00000000f218f4d0,0x00000000f2700000)
  to   space 38400K, 0% used [0x00000000edf80000,0x00000000edf80000,0x00000000f0500000)
 ParOldGen       total 154112K, used 76513K [0x0000000085000000, 0x000000008e680000, 0x00000000d7000000)
  object space 154112K, 49% used [0x0000000085000000,0x0000000089ab85f0,0x000000008e680000)
 Metaspace       used 29784K, capacity 30696K, committed 30976K, reserved 1077248K
  class space    used 3239K, capacity 3497K, committed 3584K, reserved 1048576K
}
Event: 23,142 GC heap before
{Heap before GC invocations=17 (full 2):
 PSYoungGen      total 411136K, used 405565K [0x00000000d7000000, 0x00000000f2f00000, 0x0000000100000000)
  eden space 376320K, 100% used [0x00000000d7000000,0x00000000edf80000,0x00000000edf80000)
  from space 34816K, 83% used [0x00000000f0500000,0x00000000f218f4d0,0x00000000f2700000)
  to   space 38400K, 0% used [0x00000000edf80000,0x00000000edf80000,0x00000000f0500000)
 ParOldGen       total 154112K, used 76513K [0x0000000085000000, 0x000000008e680000, 0x00000000d7000000)
  object space 154112K, 49% used [0x0000000085000000,0x0000000089ab85f0,0x000000008e680000)
 Metaspace       used 30140K, capacity 31144K, committed 31488K, reserved 1077248K
  class space    used 3242K, capacity 3497K, committed 3584K, reserved 1048576K
Event: 23,246 GC heap after
Heap after GC invocations=17 (full 2):
 PSYoungGen      total 414720K, used 30973K [0x00000000d7000000, 0x00000000f9580000, 0x0000000100000000)
  eden space 376320K, 0% used [0x00000000d7000000,0x00000000d7000000,0x00000000edf80000)
  from space 38400K, 80% used [0x00000000edf80000,0x00000000efdbf400,0x00000000f0500000)
  to   space 41472K, 0% used [0x00000000f6d00000,0x00000000f6d00000,0x00000000f9580000)
 ParOldGen       total 154112K, used 76521K [0x0000000085000000, 0x000000008e680000, 0x00000000d7000000)
  object space 154112K, 49% used [0x0000000085000000,0x0000000089aba5f0,0x000000008e680000)
 Metaspace       used 30140K, capacity 31144K, committed 31488K, reserved 1077248K
  class space    used 3242K, capacity 3497K, committed 3584K, reserved 1048576K
}
Event: 25,657 GC heap before
{Heap before GC invocations=18 (full 2):
 PSYoungGen      total 414720K, used 407293K [0x00000000d7000000, 0x00000000f9580000, 0x0000000100000000)
  eden space 376320K, 100% used [0x00000000d7000000,0x00000000edf80000,0x00000000edf80000)
  from space 38400K, 80% used [0x00000000edf80000,0x00000000efdbf400,0x00000000f0500000)
  to   space 41472K, 0% used [0x00000000f6d00000,0x00000000f6d00000,0x00000000f9580000)
 ParOldGen       total 154112K, used 76521K [0x0000000085000000, 0x000000008e680000, 0x00000000d7000000)
  object space 154112K, 49% used [0x0000000085000000,0x0000000089aba5f0,0x000000008e680000)
 Metaspace       used 31556K, capacity 32640K, committed 32896K, reserved 1079296K
  class space    used 3386K, capacity 3671K, committed 3712K, reserved 1048576K
Event: 25,788 GC heap after
Heap after GC invocations=18 (full 2):
 PSYoungGen      total 510976K, used 41448K [0x00000000d7000000, 0x00000000fab00000, 0x0000000100000000)
  eden space 469504K, 0% used [0x00000000d7000000,0x00000000d7000000,0x00000000f3a80000)
  from space 41472K, 99% used [0x00000000f6d00000,0x00000000f957a350,0x00000000f9580000)
  to   space 51712K, 0% used [0x00000000f3a80000,0x00000000f3a80000,0x00000000f6d00000)
 ParOldGen       total 154112K, used 86423K [0x0000000085000000, 0x000000008e680000, 0x00000000d7000000)
  object space 154112K, 56% used [0x0000000085000000,0x000000008a465fb0,0x000000008e680000)
 Metaspace       used 31556K, capacity 32640K, committed 32896K, reserved 1079296K
  class space    used 3386K, capacity 3671K, committed 3712K, reserved 1048576K
}
Event: 30,187 GC heap before
{Heap before GC invocations=19 (full 2):
 PSYoungGen      total 510976K, used 510952K [0x00000000d7000000, 0x00000000fab00000, 0x0000000100000000)
  eden space 469504K, 100% used [0x00000000d7000000,0x00000000f3a80000,0x00000000f3a80000)
  from space 41472K, 99% used [0x00000000f6d00000,0x00000000f957a350,0x00000000f9580000)
  to   space 51712K, 0% used [0x00000000f3a80000,0x00000000f3a80000,0x00000000f6d00000)
 ParOldGen       total 154112K, used 86423K [0x0000000085000000, 0x000000008e680000, 0x00000000d7000000)
  object space 154112K, 56% used [0x0000000085000000,0x000000008a465fb0,0x000000008e680000)
 Metaspace       used 32184K, capacity 33276K, committed 33408K, reserved 1079296K
  class space    used 3413K, capacity 3681K, committed 3712K, reserved 1048576K

Deoptimization events (10 events):
Event: 29,489 Thread 0x00007f8b8800b800 Uncommon trap: reason=speculate_class_check action=maybe_recompile pc=0x00007f8b78b5b428 method=com.sun.tools.javac.tree.JCTree.hasTag(Lcom/sun/tools/javac/tree/JCTree$Tag;)Z @ 2
Event: 29,523 Thread 0x00007f8b8800b800 Uncommon trap: reason=speculate_class_check action=maybe_recompile pc=0x00007f8b78b5b428 method=com.sun.tools.javac.tree.JCTree.hasTag(Lcom/sun/tools/javac/tree/JCTree$Tag;)Z @ 2
Event: 29,725 Thread 0x00007f8b892c5000 Uncommon trap: reason=unstable_if action=reinterpret pc=0x00007f8b79ddb470 method=java.lang.ThreadLocal$ThreadLocalMap.getEntry(Ljava/lang/ThreadLocal;)Ljava/lang/ThreadLocal$ThreadLocalMap$Entry; @ 29
Event: 29,727 Thread 0x00007f8b8927c000 Uncommon trap: reason=unstable_if action=reinterpret pc=0x00007f8b793acfcc method=java.lang.ThreadLocal$ThreadLocalMap.getEntry(Ljava/lang/ThreadLocal;)Ljava/lang/ThreadLocal$ThreadLocalMap$Entry; @ 29
Event: 29,728 Thread 0x00007f8b894b6000 Uncommon trap: reason=unstable_if action=reinterpret pc=0x00007f8b7939daac method=java.lang.ThreadLocal$ThreadLocalMap.getEntry(Ljava/lang/ThreadLocal;)Ljava/lang/ThreadLocal$ThreadLocalMap$Entry; @ 29
Event: 29,762 Thread 0x00007f8b8800b800 Uncommon trap: reason=unstable_if action=reinterpret pc=0x00007f8b7a732360 method=java.net.URI.needsNormalization(Ljava/lang/String;)I @ 149
Event: 29,780 Thread 0x00007f8b8800b800 Uncommon trap: reason=unstable_if action=reinterpret pc=0x00007f8b79e4e348 method=org.apache.maven.plugins.shade.DefaultShader$RelocatorRemapper.map(Ljava/lang/String;)Ljava/lang/String; @ 81
Event: 29,781 Thread 0x00007f8b8800b800 Uncommon trap: reason=unstable_if action=reinterpret pc=0x00007f8b78ca7cdc method=org.apache.maven.plugins.shade.DefaultShader$RelocatorRemapper.map(Ljava/lang/String;)Ljava/lang/String; @ 81
Event: 29,781 Thread 0x00007f8b8800b800 Uncommon trap: reason=unstable_if action=reinterpret pc=0x00007f8b7a56eee4 method=org.apache.maven.plugins.shade.DefaultShader$RelocatorRemapper.hasRelocators()Z @ 9
Event: 29,972 Thread 0x00007f8b8800b800 Uncommon trap: reason=unstable_if action=reinterpret pc=0x00007f8b7a66a044 method=java.lang.Long.valueOf(J)Ljava/lang/Long; @ 5

Classes redefined (0 events):
No events

Internal exceptions (10 events):
Event: 27,092 Thread 0x00007f8b8800b800 Implicit null exception at 0x00007f8b79f5477d to 0x00007f8b79f55041
Event: 27,779 Thread 0x00007f8b8800b800 Exception <a 'java/io/FileNotFoundException'> (0x00000000e213c2e8) thrown at [/build/openjdk-8-piDAoU/openjdk-8-8u252-b09/src/hotspot/src/share/vm/prims/jni.cpp, line 710]
Event: 27,780 Thread 0x00007f8b8800b800 Exception <a 'java/io/FileNotFoundException'> (0x00000000e213d668) thrown at [/build/openjdk-8-piDAoU/openjdk-8-8u252-b09/src/hotspot/src/share/vm/prims/jni.cpp, line 710]
Event: 27,780 Thread 0x00007f8b8800b800 Exception <a 'java/io/FileNotFoundException'> (0x00000000e213e258) thrown at [/build/openjdk-8-piDAoU/openjdk-8-8u252-b09/src/hotspot/src/share/vm/prims/jni.cpp, line 710]
Event: 27,884 Thread 0x00007f8b8800b800 Exception <a 'java/lang/NoSuchMethodError': org.apache.maven.execution.MavenExecutionRequest.getFailureBehavior()Ljava/lang/String;> (0x00000000e2a43c50) thrown at [/build/openjdk-8-piDAoU/openjdk-8-8u252-b09/src/hotspot/src/share/vm/interpreter/linkResol
Event: 28,730 Thread 0x00007f8b8800b800 Implicit null exception at 0x00007f8b7a7b8603 to 0x00007f8b7a7ba541
Event: 29,153 Thread 0x00007f8b8800b800 Exception <a 'java/io/FileNotFoundException'> (0x00000000ec3fb7d8) thrown at [/build/openjdk-8-piDAoU/openjdk-8-8u252-b09/src/hotspot/src/share/vm/prims/jni.cpp, line 710]
Event: 29,153 Thread 0x00007f8b8800b800 Exception <a 'java/io/FileNotFoundException'> (0x00000000ec3fcb58) thrown at [/build/openjdk-8-piDAoU/openjdk-8-8u252-b09/src/hotspot/src/share/vm/prims/jni.cpp, line 710]
Event: 29,153 Thread 0x00007f8b8800b800 Exception <a 'java/io/FileNotFoundException'> (0x00000000ec3fd748) thrown at [/build/openjdk-8-piDAoU/openjdk-8-8u252-b09/src/hotspot/src/share/vm/prims/jni.cpp, line 710]
Event: 29,684 Thread 0x00007f8b8800b800 Exception <a 'java/lang/NoSuchMethodError': org.apache.maven.execution.MavenExecutionRequest.getFailureBehavior()Ljava/lang/String;> (0x00000000ef0c8080) thrown at [/build/openjdk-8-piDAoU/openjdk-8-8u252-b09/src/hotspot/src/share/vm/interpreter/linkResol

Events (10 events):
Event: 29,919 Thread 0x00007f8b8800b800 DEOPT PACKING pc=0x00007f8b78ef32e6 sp=0x00007f8b8f2afde0
Event: 29,919 Thread 0x00007f8b8800b800 DEOPT UNPACKING pc=0x00007f8b78a124c4 sp=0x00007f8b8f2afbc8 mode 0
Event: 29,935 Thread 0x00007f8b8800b800 DEOPT PACKING pc=0x00007f8b78ef32e6 sp=0x00007f8b8f2afd50
Event: 29,935 Thread 0x00007f8b8800b800 DEOPT UNPACKING pc=0x00007f8b78a124c4 sp=0x00007f8b8f2afb38 mode 0
Event: 29,942 Thread 0x00007f8b8800b800 DEOPT PACKING pc=0x00007f8b78ef32e6 sp=0x00007f8b8f2afaa0
Event: 29,942 Thread 0x00007f8b8800b800 DEOPT UNPACKING pc=0x00007f8b78a124c4 sp=0x00007f8b8f2af888 mode 0
Event: 29,972 Thread 0x00007f8b8800b800 Uncommon trap: trap_request=0xffffff65 fr.pc=0x00007f8b7a66a044
Event: 29,972 Thread 0x00007f8b8800b800 DEOPT PACKING pc=0x00007f8b7a66a044 sp=0x00007f8b8f2afca0
Event: 29,972 Thread 0x00007f8b8800b800 DEOPT UNPACKING pc=0x00007f8b78a1047a sp=0x00007f8b8f2afc60 mode 2
Event: 30,173 Executing VM operation: ParallelGCFailedAllocation


Dynamic libraries:
85000000-8e680000 rw-p 00000000 00:00 0 
8e680000-d7000000 ---p 00000000 00:00 0 
d7000000-fab00000 rw-p 00000000 00:00 0 
100000000-1003a0000 rw-p 00000000 00:00 0 
1003a0000-140000000 ---p 00000000 00:00 0 
55a61a67d000-55a61a67e000 r-xp 00000000 08:08 18490671                   /usr/lib/jvm/java-8-openjdk-amd64/jre/bin/java
55a61a87d000-55a61a87e000 r--p 00000000 08:08 18490671                   /usr/lib/jvm/java-8-openjdk-amd64/jre/bin/java
55a61a87e000-55a61a87f000 rw-p 00001000 08:08 18490671                   /usr/lib/jvm/java-8-openjdk-amd64/jre/bin/java
55a61c592000-55a61c5b3000 rw-p 00000000 00:00 0                          [heap]
7f8b28000000-7f8b28045000 rw-p 00000000 00:00 0 
7f8b28045000-7f8b2c000000 ---p 00000000 00:00 0 
7f8b2c000000-7f8b2c045000 rw-p 00000000 00:00 0 
7f8b2c045000-7f8b30000000 ---p 00000000 00:00 0 
7f8b30000000-7f8b30055000 rw-p 00000000 00:00 0 
7f8b30055000-7f8b34000000 ---p 00000000 00:00 0 
7f8b34000000-7f8b34046000 rw-p 00000000 00:00 0 
7f8b34046000-7f8b38000000 ---p 00000000 00:00 0 
7f8b38000000-7f8b38021000 rw-p 00000000 00:00 0 
7f8b38021000-7f8b3c000000 ---p 00000000 00:00 0 
7f8b3c000000-7f8b3c021000 rw-p 00000000 00:00 0 
7f8b3c021000-7f8b40000000 ---p 00000000 00:00 0 
7f8b40000000-7f8b4218b000 rw-p 00000000 00:00 0 
7f8b4218b000-7f8b44000000 ---p 00000000 00:00 0 
7f8b44000000-7f8b4532c000 rw-p 00000000 00:00 0 
7f8b4532c000-7f8b48000000 ---p 00000000 00:00 0 
7f8b48000000-7f8b48021000 rw-p 00000000 00:00 0 
7f8b48021000-7f8b4c000000 ---p 00000000 00:00 0 
7f8b4c000000-7f8b4e08b000 rw-p 00000000 00:00 0 
7f8b4e08b000-7f8b50000000 ---p 00000000 00:00 0 
7f8b50000000-7f8b50021000 rw-p 00000000 00:00 0 
7f8b50021000-7f8b54000000 ---p 00000000 00:00 0 
7f8b54000000-7f8b54021000 rw-p 00000000 00:00 0 
7f8b54021000-7f8b58000000 ---p 00000000 00:00 0 
7f8b58000000-7f8b58021000 rw-p 00000000 00:00 0 
7f8b58021000-7f8b5c000000 ---p 00000000 00:00 0 
7f8b5c000000-7f8b5c021000 rw-p 00000000 00:00 0 
7f8b5c021000-7f8b60000000 ---p 00000000 00:00 0 
7f8b60000000-7f8b60021000 rw-p 00000000 00:00 0 
7f8b60021000-7f8b64000000 ---p 00000000 00:00 0 
7f8b67183000-7f8b67283000 rw-p 00000000 00:00 0 
7f8b67283000-7f8b67383000 ---p 00000000 00:00 0 
7f8b67383000-7f8b67583000 rw-p 00000000 00:00 0 
7f8b676fd000-7f8b67700000 ---p 00000000 00:00 0 
7f8b67700000-7f8b677fe000 rw-p 00000000 00:00 0 
7f8b677fe000-7f8b67801000 ---p 00000000 00:00 0 
7f8b67801000-7f8b678ff000 rw-p 00000000 00:00 0 
7f8b678ff000-7f8b67902000 ---p 00000000 00:00 0 
7f8b67902000-7f8b67c00000 rw-p 00000000 00:00 0 
7f8b67c00000-7f8b67e00000 rw-p 00000000 00:00 0 
7f8b67e00000-7f8b68000000 rw-p 00000000 00:00 0 
7f8b68000000-7f8b68021000 rw-p 00000000 00:00 0 
7f8b68021000-7f8b6c000000 ---p 00000000 00:00 0 
7f8b6c080000-7f8b6c280000 rw-p 00000000 00:00 0 
7f8b6c280000-7f8b70000000 rw-p 00000000 00:00 0 
7f8b70000000-7f8b70021000 rw-p 00000000 00:00 0 
7f8b70021000-7f8b74000000 ---p 00000000 00:00 0 
7f8b7400d000-7f8b74025000 r--s 00131000 08:08 8259211                    /home/lukas/.m2/repository/org/apache/flink/flink-core/1.7.2/flink-core-1.7.2.jar
7f8b74025000-7f8b74051000 r--s 00208000 08:08 4196191                    /home/lukas/.m2/repository/com/google/guava/guava/19.0/guava-19.0.jar
7f8b74051000-7f8b74052000 r--s 00013000 08:08 4196190                    /home/lukas/.m2/repository/org/ow2/asm/asm-util/7.0-beta/asm-util-7.0-beta.jar
7f8b74052000-7f8b74055000 r--s 0002b000 08:08 4196189                    /home/lukas/.m2/repository/org/vafer/jdependency/2.1.1/jdependency-2.1.1.jar
7f8b74055000-7f8b74059000 r--s 0001d000 08:08 4199082                    /home/lukas/.m2/repository/org/eclipse/aether/aether-util/0.9.0.M2/aether-util-0.9.0.M2.jar
7f8b74059000-7f8b7405b000 r--s 00007000 08:08 4196188                    /home/lukas/.m2/repository/org/apache/maven/shared/maven-dependency-tree/3.0.1/maven-dependency-tree-3.0.1.jar
7f8b7405b000-7f8b74061000 r--s 00045000 08:08 4196186                    /home/lukas/.m2/repository/org/jdom/jdom2/2.0.6/jdom2-2.0.6.jar
7f8b74061000-7f8b74063000 r--s 00007000 08:08 4196182                    /home/lukas/.m2/repository/org/ow2/asm/asm-analysis/7.0/asm-analysis-7.0.jar
7f8b74063000-7f8b74065000 r--s 0000b000 08:08 4196180                    /home/lukas/.m2/repository/org/ow2/asm/asm-tree/7.0/asm-tree-7.0.jar
7f8b74065000-7f8b74067000 r--s 00012000 08:08 4196179                    /home/lukas/.m2/repository/org/ow2/asm/asm-commons/7.0/asm-commons-7.0.jar
7f8b74067000-7f8b74069000 r--s 0001a000 08:08 4196176                    /home/lukas/.m2/repository/org/ow2/asm/asm/7.0/asm-7.0.jar
7f8b74069000-7f8b74070000 r--s 0004b000 08:08 8260489                    /home/lukas/.m2/repository/commons-codec/commons-codec/1.11/commons-codec-1.11.jar
7f8b74070000-7f8b74073000 r--s 00025000 08:08 4199084                    /home/lukas/.m2/repository/org/apache/maven/shared/maven-shared-utils/3.1.0/maven-shared-utils-3.1.0.jar
7f8b74073000-7f8b74076000 r--s 0000d000 08:08 4199080                    /home/lukas/.m2/repository/org/apache/maven/shared/maven-common-artifact-filters/3.0.1/maven-common-artifact-filters-3.0.1.jar
7f8b74076000-7f8b7407b000 r--s 0001b000 08:08 4196173                    /home/lukas/.m2/repository/org/apache/maven/shared/maven-artifact-transfer/0.10.0/maven-artifact-transfer-0.10.0.jar
7f8b7407b000-7f8b7407d000 r--s 0001a000 08:08 4196171                    /home/lukas/.m2/repository/org/apache/maven/plugins/maven-shade-plugin/3.2.1/maven-shade-plugin-3.2.1.jar
7f8b7407d000-7f8b740f7000 r--s 01103000 08:08 18490913                   /usr/lib/jvm/java-8-openjdk-amd64/lib/tools.jar
7f8b740f7000-7f8b740fb000 r--s 0001c000 08:08 9177745                    /home/lukas/.m2/repository/org/jacoco/org.jacoco.report/0.8.1/org.jacoco.report-0.8.1.jar
7f8b740fb000-7f8b740fd000 r--s 00010000 08:08 9177731                    /home/lukas/.m2/repository/org/ow2/asm/asm-util/6.0/asm-util-6.0.jar
7f8b740fd000-7f8b740fe000 r--s 00007000 08:08 9177749                    /home/lukas/.m2/repository/org/ow2/asm/asm-analysis/6.0/asm-analysis-6.0.jar
7f8b740fe000-7f8b74100000 r--s 0000a000 08:08 9177733                    /home/lukas/.m2/repository/org/ow2/asm/asm-tree/6.0/asm-tree-6.0.jar
7f8b74100000-7f8b74101000 r--s 00012000 08:08 9177746                    /home/lukas/.m2/repository/org/ow2/asm/asm-commons/6.0/asm-commons-6.0.jar
7f8b74101000-7f8b74103000 r--s 00016000 08:08 9177743                    /home/lukas/.m2/repository/org/ow2/asm/asm/6.0/asm-6.0.jar
7f8b74103000-7f8b74108000 r--s 00022000 08:08 9177741                    /home/lukas/.m2/repository/org/jacoco/org.jacoco.core/0.8.1/org.jacoco.core-0.8.1.jar
7f8b74108000-7f8b7410d000 r--s 00038000 08:08 9177740                    /home/lukas/.m2/repository/org/jacoco/org.jacoco.agent/0.8.1/org.jacoco.agent-0.8.1-runtime.jar
7f8b7410d000-7f8b74112000 r--s 00016000 08:08 9177739                    /home/lukas/.m2/repository/xml-apis/xml-apis/1.0.b2/xml-apis-1.0.b2.jar
7f8b74112000-7f8b74114000 r--s 0000e000 08:08 9176732                    /home/lukas/.m2/repository/oro/oro/2.0.8/oro-2.0.8.jar
7f8b74114000-7f8b74116000 r--s 00008000 08:08 8003797                    /home/lukas/.m2/repository/commons-logging/commons-logging/1.0.4/commons-logging-1.0.4.jar
7f8b74116000-7f8b7411a000 r--s 00026000 08:08 8391263                    /home/lukas/.m2/repository/commons-digester/commons-digester/1.6/commons-digester-1.6.jar
7f8b7411a000-7f8b7411f000 r--s 0002a000 08:08 8003118                    /home/lukas/.m2/repository/commons-beanutils/commons-beanutils/1.7.0/commons-beanutils-1.7.0.jar
7f8b7411f000-7f8b74122000 r--s 00014000 08:08 9177736                    /home/lukas/.m2/repository/commons-validator/commons-validator/1.2.0/commons-validator-1.2.0.jar
7f8b74122000-7f8b7412f000 r--s 00083000 08:08 8002938                    /home/lukas/.m2/repository/commons-collections/commons-collections/3.2.2/commons-collections-3.2.2.jar
7f8b7412f000-7f8b74137000 r--s 00058000 08:08 9177012                    /home/lukas/.m2/repository/org/apache/velocity/velocity/1.5/velocity-1.5.jar
7f8b74137000-7f8b74138000 r--s 00001000 08:08 9177734                    /home/lukas/.m2/repository/org/codehaus/plexus/plexus-velocity/1.1.7/plexus-velocity-1.1.7.jar
7f8b74138000-7f8b74139000 r--s 00002000 08:08 9176998                    /home/lukas/.m2/repository/org/codehaus/plexus/plexus-i18n/1.0-beta-7/plexus-i18n-1.0-beta-7.jar
7f8b74139000-7f8b7413b000 r--s 00008000 08:08 9177732                    /home/lukas/.m2/repository/org/apache/maven/doxia/doxia-module-fml/1.1.2/doxia-module-fml-1.1.2.jar
7f8b7413b000-7f8b7413c000 r--s 00003000 08:08 9177730                    /home/lukas/.m2/repository/org/apache/maven/doxia/doxia-module-xhtml/1.1.2/doxia-module-xhtml-1.1.2.jar
7f8b7413c000-7f8b7413e000 r--s 0000b000 08:08 9177727                    /home/lukas/.m2/repository/org/apache/maven/doxia/doxia-decoration-model/1.1.2/doxia-decoration-model-1.1.2.jar
7f8b7413e000-7f8b74140000 r--s 0000b000 08:08 9177725                    /home/lukas/.m2/repository/org/apache/maven/doxia/doxia-site-renderer/1.1.2/doxia-site-renderer-1.1.2.jar
7f8b74140000-7f8b74142000 r--s 00006000 08:08 8003800                    /home/lukas/.m2/repository/commons-codec/commons-codec/1.2/commons-codec-1.2.jar
7f8b74142000-7f8b74148000 r--s 00045000 08:08 8002920                    /home/lukas/.m2/repository/commons-httpclient/commons-httpclient/3.1/commons-httpclient-3.1.jar
7f8b74148000-7f8b7414c000 r--s 0003c000 08:08 8003820                    /home/lukas/.m2/repository/commons-lang/commons-lang/2.4/commons-lang-2.4.jar
7f8b7414c000-7f8b74163000 r--s 00112000 08:08 9177723                    /home/lukas/.m2/repository/xerces/xercesImpl/2.8.1/xercesImpl-2.8.1.jar
7f8b74163000-7f8b74167000 r--s 00023000 08:08 9177721                    /home/lukas/.m2/repository/org/apache/maven/doxia/doxia-core/1.1.2/doxia-core-1.1.2.jar
7f8b74167000-7f8b74169000 r--s 00003000 08:08 9177714                    /home/lukas/.m2/repository/org/apache/maven/reporting/maven-reporting-impl/2.1/maven-reporting-impl-2.1.jar
7f8b74169000-7f8b7416a000 r--s 00002000 08:08 8259462                    /home/lukas/.m2/repository/org/apache/maven/doxia/doxia-logging-api/1.1/doxia-logging-api-1.1.jar
7f8b7416a000-7f8b7416c000 r--s 00002000 08:08 7733399                    /home/lukas/.m2/repository/org/apache/maven/doxia/doxia-sink-api/1.1/doxia-sink-api-1.1.jar
7f8b7416c000-7f8b7416d000 r--s 00002000 08:08 4198538                    /home/lukas/.m2/repository/org/apache/maven/reporting/maven-reporting-api/2.2.1/maven-reporting-api-2.2.1.jar
7f8b7416d000-7f8b7416f000 r--s 00008000 08:08 9177715                    /home/lukas/.m2/repository/org/apache/maven/shared/maven-shared-io/1.1/maven-shared-io-1.1.jar
7f8b7416f000-7f8b74171000 r--s 00008000 08:08 9177713                    /home/lukas/.m2/repository/org/apache/maven/shared/file-management/1.2.1/file-management-1.2.1.jar
7f8b74171000-7f8b74175000 r--s 00038000 08:08 4199098                    /home/lukas/.m2/repository/org/codehaus/plexus/plexus-utils/3.0.22/plexus-utils-3.0.22.jar
7f8b74175000-7f8b74178000 r--s 00027000 08:08 9050441                    /home/lukas/.m2/repository/org/codehaus/plexus/plexus-utils/1.1/plexus-utils-1.1.jar
7f8b74178000-7f8b74179000 r--s 00001000 08:08 8391247                    /home/lukas/.m2/repository/org/apache/maven/archetype/archetype-packaging/3.1.2/archetype-packaging-3.1.2.jar
7f8b74179000-7f8b7417f000 r--s 00034000 08:08 9177711                    /home/lukas/.m2/repository/junit/junit/4.8.2/junit-4.8.2.jar
7f8b7417f000-7f8b74181000 r--s 0000c000 08:08 9177498                    /home/lukas/.m2/repository/org/jacoco/jacoco-maven-plugin/0.8.1/jacoco-maven-plugin-0.8.1.jar
7f8b74181000-7f8b74185000 r--s 0003c000 08:08 4195158                    /home/lukas/.m2/repository/org/codehaus/plexus/plexus-utils/3.1.0/plexus-utils-3.1.0.jar
7f8b74185000-7f8b74189000 r--s 00017000 08:08 4195765                    /home/lukas/.m2/repository/org/tukaani/xz/1.8/xz-1.8.jar
7f8b74189000-7f8b7418b000 r--s 0000d000 08:08 4195764                    /home/lukas/.m2/repository/org/iq80/snappy/snappy/0.4/snappy-0.4.jar
7f8b7418b000-7f8b74196000 r--s 00086000 08:08 4195763                    /home/lukas/.m2/repository/org/apache/commons/commons-compress/1.18/commons-compress-1.18.jar
7f8b74196000-7f8b74199000 r--s 00010000 08:08 4196169                    /home/lukas/.m2/repository/org/codehaus/plexus/plexus-io/3.1.0/plexus-io-3.1.0.jar
7f8b74199000-7f8b7419e000 r--s 0002a000 08:08 4196166                    /home/lukas/.m2/repository/org/codehaus/plexus/plexus-archiver/3.7.0/plexus-archiver-3.7.0.jar
7f8b7419e000-7f8b7419f000 r--s 00005000 08:08 9177485                    /home/lukas/.m2/repository/org/apache/maven/maven-archiver/3.3.0/maven-archiver-3.3.0.jar
7f8b7419f000-7f8b741a0000 r--s 00006000 08:08 9177467                    /home/lukas/.m2/repository/org/apache/maven/plugins/maven-jar-plugin/3.1.1/maven-jar-plugin-3.1.1.jar
7f8b741a0000-7f8b741a3000 ---p 00000000 00:00 0 
7f8b741a3000-7f8b742a1000 rw-p 00000000 00:00 0 
7f8b742a1000-7f8b742a8000 r--s 00047000 08:08 4195565                    /home/lukas/.m2/repository/com/thoughtworks/qdox/qdox/2.0-M8/qdox-2.0-M8.jar
7f8b742a8000-7f8b742a9000 r--s 00002000 08:08 4195613                    /home/lukas/.m2/repository/org/apache/maven/reporting/maven-reporting-api/3.0/maven-reporting-api-3.0.jar
7f8b742a9000-7f8b742ab000 r--s 00003000 08:08 4195609                    /home/lukas/.m2/repository/org/slf4j/jcl-over-slf4j/1.5.6/jcl-over-slf4j-1.5.6.jar
7f8b742ab000-7f8b742ad000 r--s 00001000 08:08 4195606                    /home/lukas/.m2/repository/org/slf4j/slf4j-jdk14/1.5.6/slf4j-jdk14-1.5.6.jar
7f8b742ad000-7f8b742af000 r--s 0000b000 08:08 4195597                    /home/lukas/.m2/repository/org/codehaus/plexus/plexus-interpolation/1.11/plexus-interpolation-1.11.jar
7f8b742af000-7f8b742b7000 r--s 00049000 08:08 4195593                    /home/lukas/.m2/repository/backport-util-concurrent/backport-util-concurrent/3.1/backport-util-concurrent-3.1.jar
7f8b742b7000-7f8b742b9000 r--s 00009000 08:08 4195583                    /home/lukas/.m2/repository/org/hamcrest/hamcrest-core/1.3/hamcrest-core-1.3.jar
7f8b742b9000-7f8b742c1000 r--s 00045000 08:08 4194775                    /home/lukas/.m2/repository/junit/junit/4.12/junit-4.12.jar
7f8b742c1000-7f8b742c5000 r--s 00034000 08:08 4195576                    /home/lukas/.m2/repository/org/codehaus/plexus/plexus-utils/1.5.15/plexus-utils-1.5.15.jar
7f8b742c5000-7f8b742c9000 r--s 0003f000 08:08 9177461                    /home/lukas/.m2/repository/org/apache/maven/surefire/surefire-booter/2.22.1/surefire-booter-2.22.1.jar
7f8b742c9000-7f8b742cb000 r--s 00002000 08:08 9177459                    /home/lukas/.m2/repository/org/apache/maven/surefire/surefire-logger-api/2.22.1/surefire-logger-api-2.22.1.jar
7f8b742cb000-7f8b742d0000 r--s 00029000 08:08 9177457                    /home/lukas/.m2/repository/org/apache/maven/surefire/surefire-api/2.22.1/surefire-api-2.22.1.jar
7f8b742d0000-7f8b742d1000 r--s 00003000 08:08 4195564                    /home/lukas/.m2/repository/org/apache/maven/plugin-tools/maven-plugin-annotations/3.5.2/maven-plugin-annotations-3.5.2.jar
7f8b742d1000-7f8b742da000 r--s 00078000 08:08 9177456                    /home/lukas/.m2/repository/org/apache/maven/surefire/maven-surefire-common/2.22.1/maven-surefire-common-2.22.1.jar
7f8b742da000-7f8b742db000 r--s 00009000 08:08 9177437                    /home/lukas/.m2/repository/org/apache/maven/plugins/maven-surefire-plugin/2.22.1/maven-surefire-plugin-2.22.1.jar
7f8b742db000-7f8b744db000 rw-p 00000000 00:00 0 
7f8b744db000-7f8b744dd000 r--s 00004000 08:08 4195384                    /home/lukas/.m2/repository/org/codehaus/plexus/plexus-compiler-javac/2.8.4/plexus-compiler-javac-2.8.4.jar
7f8b744dd000-7f8b744df000 r--s 00000000 08:08 4195383                    /home/lukas/.m2/repository/org/codehaus/plexus/plexus-compiler-manager/2.8.4/plexus-compiler-manager-2.8.4.jar
7f8b744df000-7f8b744e1000 r--s 00005000 08:08 4195381                    /home/lukas/.m2/repository/org/codehaus/plexus/plexus-compiler-api/2.8.4/plexus-compiler-api-2.8.4.jar
7f8b744e1000-7f8b744e8000 r--s 00047000 08:08 4195377                    /home/lukas/.m2/repository/com/thoughtworks/qdox/qdox/2.0-M9/qdox-2.0-M9.jar
7f8b744e8000-7f8b744ea000 r--s 0001a000 08:08 4195375                    /home/lukas/.m2/repository/org/ow2/asm/asm/6.2/asm-6.2.jar
7f8b744ea000-7f8b744ec000 r--s 00008000 08:08 4195373                    /home/lukas/.m2/repository/org/codehaus/plexus/plexus-java/0.9.10/plexus-java-0.9.10.jar
7f8b744ec000-7f8b744ee000 r--s 00002000 08:08 4195371                    /home/lukas/.m2/repository/org/apache/maven/shared/maven-shared-incremental/1.1/maven-shared-incremental-1.1.jar
7f8b744ee000-7f8b744f2000 r--s 0002f000 08:08 4194940                    /home/lukas/.m2/repository/commons-io/commons-io/2.5/commons-io-2.5.jar
7f8b744f2000-7f8b744f5000 r--s 00026000 08:08 4194939                    /home/lukas/.m2/repository/org/apache/maven/shared/maven-shared-utils/3.2.1/maven-shared-utils-3.2.1.jar
7f8b744f5000-7f8b744f7000 r--s 00002000 08:08 4195152                    /home/lukas/.m2/repository/org/sonatype/plexus/plexus-cipher/1.4/plexus-cipher-1.4.jar
7f8b744f7000-7f8b744f8000 r--s 00006000 08:08 4195151                    /home/lukas/.m2/repository/org/sonatype/plexus/plexus-sec-dispatcher/1.3/plexus-sec-dispatcher-1.3.jar
7f8b744f8000-7f8b744fa000 r--s 00000000 08:08 4194930                    /home/lukas/.m2/repository/org/codehaus/plexus/plexus-component-annotations/1.7.1/plexus-component-annotations-1.7.1.jar
7f8b744fa000-7f8b744fc000 r--s 0000d000 08:08 4195369                    /home/lukas/.m2/repository/org/codehaus/plexus/plexus-interpolation/1.14/plexus-interpolation-1.14.jar
7f8b744fc000-7f8b74500000 r--s 00017000 08:08 4195150                    /home/lukas/.m2/repository/org/sonatype/aether/aether-util/1.7/aether-util-1.7.jar
7f8b74500000-7f8b74504000 r--s 00033000 08:08 4194921                    /home/lukas/.m2/repository/org/codehaus/plexus/plexus-utils/2.0.4/plexus-utils-2.0.4.jar
7f8b74504000-7f8b7450f000 r--s 00069000 08:08 4194938                    /home/lukas/.m2/repository/org/sonatype/sisu/sisu-guice/2.1.7/sisu-guice-2.1.7-noaop.jar
7f8b7450f000-7f8b74514000 r--s 00021000 08:08 4194937                    /home/lukas/.m2/repository/org/sonatype/sisu/sisu-inject-bean/1.4.2/sisu-inject-bean-1.4.2.jar
7f8b74514000-7f8b74516000 r--s 0000e000 08:08 9176765                    /home/lukas/.m2/repository/org/apache/maven/plugins/maven-compiler-plugin/3.8.0/maven-compiler-plugin-3.8.0.jar
7f8b74516000-7f8b74518000 r--s 0000d000 08:08 7864630                    /home/lukas/.m2/repository/org/codehaus/plexus/plexus-interpolation/1.13/plexus-interpolation-1.13.jar
7f8b74518000-7f8b74519000 r--s 00001000 08:08 7864628                    /home/lukas/.m2/repository/org/sonatype/plexus/plexus-build-api/0.0.4/plexus-build-api-0.0.4.jar
7f8b74519000-7f8b7451b000 r--s 00009000 08:08 7864626                    /home/lukas/.m2/repository/org/apache/maven/shared/maven-filtering/1.1/maven-filtering-1.1.jar
7f8b7451b000-7f8b7451f000 r--s 00033000 08:08 4198461                    /home/lukas/.m2/repository/org/codehaus/plexus/plexus-utils/2.0.5/plexus-utils-2.0.5.jar
7f8b7451f000-7f8b74522000 r--s 0001b000 08:08 7082637                    /home/lukas/.m2/repository/junit/junit/3.8.1/junit-3.8.1.jar
7f8b74522000-7f8b74524000 r--s 00002000 08:08 7864622                    /home/lukas/.m2/repository/org/codehaus/plexus/plexus-interactivity-api/1.0-alpha-4/plexus-interactivity-api-1.0-alpha-4.jar
7f8b74524000-7f8b74526000 r--s 00006000 08:08 3027950                    /home/lukas/.m2/repository/commons-cli/commons-cli/1.0/commons-cli-1.0.jar
7f8b74526000-7f8b74527000 r--s 00001000 08:08 7864614                    /home/lukas/.m2/repository/org/apache/maven/doxia/doxia-sink-api/1.0-alpha-7/doxia-sink-api-1.0-alpha-7.jar
7f8b74527000-7f8b74528000 r--s 00002000 08:08 7082644                    /home/lukas/.m2/repository/org/apache/maven/reporting/maven-reporting-api/2.0.6/maven-reporting-api-2.0.6.jar
7f8b74528000-7f8b7452a000 r--s 00006000 08:08 4195446                    /home/lukas/.m2/repository/org/apache/maven/plugins/maven-resources-plugin/2.6/maven-resources-plugin-2.6.jar
7f8b7452a000-7f8b7472a000 rw-p 00000000 00:00 0 
7f8b7472a000-7f8b7472f000 r--s 000a7000 08:08 18490754                   /usr/lib/jvm/java-8-openjdk-amd64/jre/lib/jsse.jar
7f8b7472f000-7f8b7492f000 rw-p 00000000 00:00 0 
7f8b7492f000-7f8b74b2f000 rw-p 00000000 00:00 0 
7f8b74b2f000-7f8b74d2f000 rw-p 00000000 00:00 0 
7f8b74d2f000-7f8b74d32000 r--s 00027000 08:08 18887227                   /usr/share/java/maven3-model.jar
7f8b74d32000-7f8b74d36000 r--s 0001f000 08:08 18889559                   /usr/share/java/maven-resolver-api.jar
7f8b74d36000-7f8b74d38000 r--s 00006000 08:08 18889586                   /usr/share/java/plexus-sec-dispatcher.jar
7f8b74d38000-7f8b74d3a000 r--s 00001000 08:08 18889503                   /usr/share/java/aopalliance-1.0.jar
7f8b74d3a000-7f8b74d3f000 r--s 00025000 08:08 18887225                   /usr/share/java/maven3-model-builder.jar
7f8b74d3f000-7f8b74d40000 r--s 00001000 08:08 18881505                   /usr/share/java/wagon-file.jar
7f8b74d40000-7f8b74d42000 r--s 00005000 08:08 18889666                   /usr/share/java/maven-resolver-transport-wagon.jar
7f8b74d42000-7f8b74d49000 r--s 00041000 08:08 18883301                   /usr/share/java/maven3-compat.jar
7f8b74d49000-7f8b74d4b000 r--s 00008000 08:08 18889563                   /usr/share/java/maven-resolver-connector-basic.jar
7f8b74d4b000-7f8b74d4d000 r--s 00003000 08:08 18875363                   /usr/share/java/jcl-over-slf4j.jar
7f8b74d4d000-7f8b74d4f000 r--s 0000a000 08:08 18875412                   /usr/share/java/commons-cli.jar
7f8b74d4f000-7f8b74d51000 r--s 0000d000 08:08 18889526                   /usr/share/java/maven3-resolver-provider.jar
7f8b74d51000-7f8b74d53000 r--s 00009000 08:08 18875366                   /usr/share/java/slf4j-api.jar
7f8b74d53000-7f8b74d59000 r--s 0002d000 08:08 18889516                   /usr/share/java/sisu-plexus.jar
7f8b74d59000-7f8b74d5c000 r--s 00015000 08:08 18887223                   /usr/share/java/maven3-embedder.jar
7f8b74d5c000-7f8b74d88000 r--s 00208000 08:08 18889627                   /usr/share/java/guava.jar
7f8b74d88000-7f8b74d8a000 r--s 00007000 08:08 18875452                   /usr/share/java/jansi.jar
7f8b74d8a000-7f8b74d8c000 r--s 0000b000 08:08 18875454                   /usr/share/java/wagon-provider-api.jar
7f8b74d8c000-7f8b74d8d000 r--s 00006000 08:08 18889524                   /usr/share/java/maven3-repository-metadata.jar
7f8b74d8d000-7f8b74d90000 r--s 00007000 08:08 18889527                   /usr/share/java/maven3-settings-builder.jar
7f8b74d90000-7f8b74d91000 r--s 00001000 08:08 18889660                   /usr/share/java/geronimo-interceptor-3.0-spec.jar
7f8b74d91000-7f8b74d92000 r--s 00000000 08:08 18882941                   /usr/share/java/atinject-jsr330-api-1.0.jar
7f8b74d92000-7f8b74d95000 r--s 0000e000 08:08 18889509                   /usr/share/java/cdi-api.jar
7f8b74d95000-7f8b74d98000 r--s 00011000 08:08 18889658                   /usr/share/java/plexus-interpolation.jar
7f8b74d98000-7f8b74d9a000 r--s 00006000 08:08 18889605                   /usr/share/java/maven-resolver-spi.jar
7f8b74d9a000-7f8b74d9f000 r--s 00021000 08:08 18889668                   /usr/share/java/maven-resolver-util.jar
7f8b74d9f000-7f8b74da0000 r--s 00000000 08:08 18882941                   /usr/share/java/atinject-jsr330-api-1.0.jar
7f8b74da0000-7f8b74da5000 r--s 00030000 08:08 18875336                   /usr/share/java/commons-io.jar
7f8b74da5000-7f8b74da8000 r--s 00024000 08:08 18875428                   /usr/share/java/maven-shared-utils.jar
7f8b74da8000-7f8b74daf000 r--s 00054000 08:08 18889510                   /usr/share/java/sisu-inject.jar
7f8b74daf000-7f8b74db0000 r--s 00003000 08:08 18889678                   /usr/share/java/plexus-cipher.jar
7f8b74db0000-7f8b74db2000 r--s 00001000 08:08 18882558                   /usr/share/java/maven3-builder-support.jar
7f8b74db2000-7f8b74dba000 r--s 00072000 08:08 18884361                   /usr/share/java/commons-lang3.jar
7f8b74dba000-7f8b74de7000 r--s 001ce000 08:08 18881247                   /usr/share/java/wagon-http-shaded-3.0.0.jar
7f8b74de7000-7f8b74de9000 r--s 0000a000 08:08 18889430                   /usr/share/java/maven3-plugin-api.jar
7f8b74de9000-7f8b74df7000 r--s 0009a000 08:08 18889540                   /usr/share/java/guice.jar
7f8b74df7000-7f8b74df8000 r--s 00004000 08:08 18889531                   /usr/share/java/maven3-slf4j-provider.jar
7f8b74df8000-7f8b74dfc000 r--s 00027000 08:08 18889601                   /usr/share/java/maven-resolver-impl.jar
7f8b74dfc000-7f8b74e09000 r--s 0008b000 08:08 18884351                   /usr/share/java/maven3-core.jar
7f8b74e09000-7f8b74e3a000 rw-p 00000000 00:00 0 
7f8b74e3a000-7f8b74e51000 r-xp 00000000 08:08 18490709                   /usr/lib/jvm/java-8-openjdk-amd64/jre/lib/amd64/libnet.so
7f8b74e51000-7f8b75050000 ---p 00017000 08:08 18490709                   /usr/lib/jvm/java-8-openjdk-amd64/jre/lib/amd64/libnet.so
7f8b75050000-7f8b75051000 r--p 00016000 08:08 18490709                   /usr/lib/jvm/java-8-openjdk-amd64/jre/lib/amd64/libnet.so
7f8b75051000-7f8b75052000 rw-p 00017000 08:08 18490709                   /usr/lib/jvm/java-8-openjdk-amd64/jre/lib/amd64/libnet.so
7f8b75052000-7f8b75064000 r-xp 00000000 08:08 18490710                   /usr/lib/jvm/java-8-openjdk-amd64/jre/lib/amd64/libnio.so
7f8b75064000-7f8b75263000 ---p 00012000 08:08 18490710                   /usr/lib/jvm/java-8-openjdk-amd64/jre/lib/amd64/libnio.so
7f8b75263000-7f8b75264000 r--p 00011000 08:08 18490710                   /usr/lib/jvm/java-8-openjdk-amd64/jre/lib/amd64/libnio.so
7f8b75264000-7f8b75265000 rw-p 00012000 08:08 18490710                   /usr/lib/jvm/java-8-openjdk-amd64/jre/lib/amd64/libnio.so
7f8b75265000-7f8b75280000 r--s 001d6000 08:08 18490736                   /usr/lib/jvm/java-8-openjdk-amd64/jre/lib/ext/nashorn.jar
7f8b75280000-7f8b75281000 ---p 00000000 00:00 0 
7f8b75281000-7f8b75381000 rw-p 00000000 00:00 0 
7f8b75381000-7f8b75384000 ---p 00000000 00:00 0 
7f8b75384000-7f8b75482000 rw-p 00000000 00:00 0 
7f8b75482000-7f8b75483000 ---p 00000000 00:00 0 
7f8b75483000-7f8b75486000 ---p 00000000 00:00 0 
7f8b75486000-7f8b75583000 rw-p 00000000 00:00 0 
7f8b75583000-7f8b75584000 ---p 00000000 00:00 0 
7f8b75584000-7f8b75587000 ---p 00000000 00:00 0 
7f8b75587000-7f8b75684000 rw-p 00000000 00:00 0 
7f8b75684000-7f8b75685000 ---p 00000000 00:00 0 
7f8b75685000-7f8b75688000 ---p 00000000 00:00 0 
7f8b75688000-7f8b75785000 rw-p 00000000 00:00 0 
7f8b75785000-7f8b75788000 ---p 00000000 00:00 0 
7f8b75788000-7f8b75886000 rw-p 00000000 00:00 0 
7f8b75886000-7f8b75bbc000 r--p 00000000 08:08 18354176                   /usr/lib/locale/locale-archive
7f8b75bbc000-7f8b75bbf000 ---p 00000000 00:00 0 
7f8b75bbf000-7f8b75cbd000 rw-p 00000000 00:00 0 
7f8b75cbd000-7f8b75cc0000 ---p 00000000 00:00 0 
7f8b75cc0000-7f8b75dbe000 rw-p 00000000 00:00 0 
7f8b75dbe000-7f8b75dbf000 ---p 00000000 00:00 0 
7f8b75dbf000-7f8b76e7f000 rw-p 00000000 00:00 0 
7f8b76e7f000-7f8b77051000 r--s 03ca5000 08:08 18490760                   /usr/lib/jvm/java-8-openjdk-amd64/jre/lib/rt.jar
7f8b77051000-7f8b77c9f000 rw-p 00000000 00:00 0 
7f8b77c9f000-7f8b77ca0000 ---p 00000000 00:00 0 
7f8b77ca0000-7f8b77da0000 rw-p 00000000 00:00 0 
7f8b77da0000-7f8b77da1000 ---p 00000000 00:00 0 
7f8b77da1000-7f8b77ea1000 rw-p 00000000 00:00 0 
7f8b77ea1000-7f8b77ea2000 ---p 00000000 00:00 0 
7f8b77ea2000-7f8b77fee000 rw-p 00000000 00:00 0 
7f8b77fee000-7f8b78232000 ---p 00000000 00:00 0 
7f8b78232000-7f8b7827e000 rw-p 00000000 00:00 0 
7f8b7827e000-7f8b784c2000 ---p 00000000 00:00 0 
7f8b784c2000-7f8b785e0000 rw-p 00000000 00:00 0 
7f8b785e0000-7f8b7860a000 ---p 00000000 00:00 0 
7f8b7860a000-7f8b78689000 rw-p 00000000 00:00 0 
7f8b78689000-7f8b789cb000 ---p 00000000 00:00 0 
7f8b789cb000-7f8b7a91b000 rwxp 00000000 00:00 0 
7f8b7a91b000-7f8b879cb000 ---p 00000000 00:00 0 
7f8b879cb000-7f8b879d3000 r-xp 00000000 08:08 18490717                   /usr/lib/jvm/java-8-openjdk-amd64/jre/lib/amd64/libzip.so
7f8b879d3000-7f8b87bd2000 ---p 00008000 08:08 18490717                   /usr/lib/jvm/java-8-openjdk-amd64/jre/lib/amd64/libzip.so
7f8b87bd2000-7f8b87bd3000 r--p 00007000 08:08 18490717                   /usr/lib/jvm/java-8-openjdk-amd64/jre/lib/amd64/libzip.so
7f8b87bd3000-7f8b87bd4000 rw-p 00008000 08:08 18490717                   /usr/lib/jvm/java-8-openjdk-amd64/jre/lib/amd64/libzip.so
7f8b87bd4000-7f8b87bdf000 r-xp 00000000 08:08 11538271                   /lib/x86_64-linux-gnu/libnss_files-2.27.so
7f8b87bdf000-7f8b87dde000 ---p 0000b000 08:08 11538271                   /lib/x86_64-linux-gnu/libnss_files-2.27.so
7f8b87dde000-7f8b87ddf000 r--p 0000a000 08:08 11538271                   /lib/x86_64-linux-gnu/libnss_files-2.27.so
7f8b87ddf000-7f8b87de0000 rw-p 0000b000 08:08 11538271                   /lib/x86_64-linux-gnu/libnss_files-2.27.so
7f8b87de0000-7f8b87de6000 rw-p 00000000 00:00 0 
7f8b87de6000-7f8b87dfd000 r-xp 00000000 08:08 11538268                   /lib/x86_64-linux-gnu/libnsl-2.27.so
7f8b87dfd000-7f8b87ffc000 ---p 00017000 08:08 11538268                   /lib/x86_64-linux-gnu/libnsl-2.27.so
7f8b87ffc000-7f8b87ffd000 r--p 00016000 08:08 11538268                   /lib/x86_64-linux-gnu/libnsl-2.27.so
7f8b87ffd000-7f8b87ffe000 rw-p 00017000 08:08 11538268                   /lib/x86_64-linux-gnu/libnsl-2.27.so
7f8b87ffe000-7f8b88000000 rw-p 00000000 00:00 0 
7f8b88000000-7f8b89794000 rw-p 00000000 00:00 0 
7f8b89794000-7f8b8c000000 ---p 00000000 00:00 0 
7f8b8c000000-7f8b8c001000 r--s 0000a000 08:08 18889529                   /usr/share/java/maven3-settings.jar
7f8b8c001000-7f8b8c005000 r--s 0003b000 08:08 18875361                   /usr/share/java/plexus-utils2.jar
7f8b8c005000-7f8b8c020000 r--s 00394000 08:08 18490731                   /usr/lib/jvm/java-8-openjdk-amd64/jre/lib/ext/cldrdata.jar
7f8b8c020000-7f8b8c041000 rw-p 00000000 00:00 0 
7f8b8c041000-7f8b8c042000 ---p 00000000 00:00 0 
7f8b8c042000-7f8b8c142000 rw-p 00000000 00:00 0 
7f8b8c142000-7f8b8c14d000 r-xp 00000000 08:08 11538273                   /lib/x86_64-linux-gnu/libnss_nis-2.27.so
7f8b8c14d000-7f8b8c34c000 ---p 0000b000 08:08 11538273                   /lib/x86_64-linux-gnu/libnss_nis-2.27.so
7f8b8c34c000-7f8b8c34d000 r--p 0000a000 08:08 11538273                   /lib/x86_64-linux-gnu/libnss_nis-2.27.so
7f8b8c34d000-7f8b8c34e000 rw-p 0000b000 08:08 11538273                   /lib/x86_64-linux-gnu/libnss_nis-2.27.so
7f8b8c34e000-7f8b8c356000 r-xp 00000000 08:08 11538269                   /lib/x86_64-linux-gnu/libnss_compat-2.27.so
7f8b8c356000-7f8b8c556000 ---p 00008000 08:08 11538269                   /lib/x86_64-linux-gnu/libnss_compat-2.27.so
7f8b8c556000-7f8b8c557000 r--p 00008000 08:08 11538269                   /lib/x86_64-linux-gnu/libnss_compat-2.27.so
7f8b8c557000-7f8b8c558000 rw-p 00009000 08:08 11538269                   /lib/x86_64-linux-gnu/libnss_compat-2.27.so
7f8b8c558000-7f8b8c582000 r-xp 00000000 08:08 18490698                   /usr/lib/jvm/java-8-openjdk-amd64/jre/lib/amd64/libjava.so
7f8b8c582000-7f8b8c781000 ---p 0002a000 08:08 18490698                   /usr/lib/jvm/java-8-openjdk-amd64/jre/lib/amd64/libjava.so
7f8b8c781000-7f8b8c782000 r--p 00029000 08:08 18490698                   /usr/lib/jvm/java-8-openjdk-amd64/jre/lib/amd64/libjava.so
7f8b8c782000-7f8b8c784000 rw-p 0002a000 08:08 18490698                   /usr/lib/jvm/java-8-openjdk-amd64/jre/lib/amd64/libjava.so
7f8b8c784000-7f8b8c794000 r-xp 00000000 08:08 18490716                   /usr/lib/jvm/java-8-openjdk-amd64/jre/lib/amd64/libverify.so
7f8b8c794000-7f8b8c993000 ---p 00010000 08:08 18490716                   /usr/lib/jvm/java-8-openjdk-amd64/jre/lib/amd64/libverify.so
7f8b8c993000-7f8b8c995000 r--p 0000f000 08:08 18490716                   /usr/lib/jvm/java-8-openjdk-amd64/jre/lib/amd64/libverify.so
7f8b8c995000-7f8b8c996000 rw-p 00011000 08:08 18490716                   /usr/lib/jvm/java-8-openjdk-amd64/jre/lib/amd64/libverify.so
7f8b8c996000-7f8b8c99d000 r-xp 00000000 08:08 11538278                   /lib/x86_64-linux-gnu/librt-2.27.so
7f8b8c99d000-7f8b8cb9c000 ---p 00007000 08:08 11538278                   /lib/x86_64-linux-gnu/librt-2.27.so
7f8b8cb9c000-7f8b8cb9d000 r--p 00006000 08:08 11538278                   /lib/x86_64-linux-gnu/librt-2.27.so
7f8b8cb9d000-7f8b8cb9e000 rw-p 00007000 08:08 11538278                   /lib/x86_64-linux-gnu/librt-2.27.so
7f8b8cb9e000-7f8b8cbb5000 r-xp 00000000 08:08 11534421                   /lib/x86_64-linux-gnu/libgcc_s.so.1
7f8b8cbb5000-7f8b8cdb4000 ---p 00017000 08:08 11534421                   /lib/x86_64-linux-gnu/libgcc_s.so.1
7f8b8cdb4000-7f8b8cdb5000 r--p 00016000 08:08 11534421                   /lib/x86_64-linux-gnu/libgcc_s.so.1
7f8b8cdb5000-7f8b8cdb6000 rw-p 00017000 08:08 11534421                   /lib/x86_64-linux-gnu/libgcc_s.so.1
7f8b8cdb6000-7f8b8cf53000 r-xp 00000000 08:08 11538265                   /lib/x86_64-linux-gnu/libm-2.27.so
7f8b8cf53000-7f8b8d152000 ---p 0019d000 08:08 11538265                   /lib/x86_64-linux-gnu/libm-2.27.so
7f8b8d152000-7f8b8d153000 r--p 0019c000 08:08 11538265                   /lib/x86_64-linux-gnu/libm-2.27.so
7f8b8d153000-7f8b8d154000 rw-p 0019d000 08:08 11538265                   /lib/x86_64-linux-gnu/libm-2.27.so
7f8b8d154000-7f8b8d2cd000 r-xp 00000000 08:08 18353043                   /usr/lib/x86_64-linux-gnu/libstdc++.so.6.0.25
7f8b8d2cd000-7f8b8d4cd000 ---p 00179000 08:08 18353043                   /usr/lib/x86_64-linux-gnu/libstdc++.so.6.0.25
7f8b8d4cd000-7f8b8d4d7000 r--p 00179000 08:08 18353043                   /usr/lib/x86_64-linux-gnu/libstdc++.so.6.0.25
7f8b8d4d7000-7f8b8d4d9000 rw-p 00183000 08:08 18353043                   /usr/lib/x86_64-linux-gnu/libstdc++.so.6.0.25
7f8b8d4d9000-7f8b8d4dd000 rw-p 00000000 00:00 0 
7f8b8d4dd000-7f8b8e181000 r-xp 00000000 08:08 18490720                   /usr/lib/jvm/java-8-openjdk-amd64/jre/lib/amd64/server/libjvm.so
7f8b8e181000-7f8b8e381000 ---p 00ca4000 08:08 18490720                   /usr/lib/jvm/java-8-openjdk-amd64/jre/lib/amd64/server/libjvm.so
7f8b8e381000-7f8b8e415000 r--p 00ca4000 08:08 18490720                   /usr/lib/jvm/java-8-openjdk-amd64/jre/lib/amd64/server/libjvm.so
7f8b8e415000-7f8b8e43e000 rw-p 00d38000 08:08 18490720                   /usr/lib/jvm/java-8-openjdk-amd64/jre/lib/amd64/server/libjvm.so
7f8b8e43e000-7f8b8e46e000 rw-p 00000000 00:00 0 
7f8b8e46e000-7f8b8e488000 r-xp 00000000 08:08 11538276                   /lib/x86_64-linux-gnu/libpthread-2.27.so
7f8b8e488000-7f8b8e687000 ---p 0001a000 08:08 11538276                   /lib/x86_64-linux-gnu/libpthread-2.27.so
7f8b8e687000-7f8b8e688000 r--p 00019000 08:08 11538276                   /lib/x86_64-linux-gnu/libpthread-2.27.so
7f8b8e688000-7f8b8e689000 rw-p 0001a000 08:08 11538276                   /lib/x86_64-linux-gnu/libpthread-2.27.so
7f8b8e689000-7f8b8e68d000 rw-p 00000000 00:00 0 
7f8b8e68d000-7f8b8e690000 r-xp 00000000 08:08 11538264                   /lib/x86_64-linux-gnu/libdl-2.27.so
7f8b8e690000-7f8b8e88f000 ---p 00003000 08:08 11538264                   /lib/x86_64-linux-gnu/libdl-2.27.so
7f8b8e88f000-7f8b8e890000 r--p 00002000 08:08 11538264                   /lib/x86_64-linux-gnu/libdl-2.27.so
7f8b8e890000-7f8b8e891000 rw-p 00003000 08:08 11538264                   /lib/x86_64-linux-gnu/libdl-2.27.so
7f8b8e891000-7f8b8e8ad000 r-xp 00000000 08:08 11535883                   /lib/x86_64-linux-gnu/libz.so.1.2.11
7f8b8e8ad000-7f8b8eaac000 ---p 0001c000 08:08 11535883                   /lib/x86_64-linux-gnu/libz.so.1.2.11
7f8b8eaac000-7f8b8eaad000 r--p 0001b000 08:08 11535883                   /lib/x86_64-linux-gnu/libz.so.1.2.11
7f8b8eaad000-7f8b8eaae000 rw-p 0001c000 08:08 11535883                   /lib/x86_64-linux-gnu/libz.so.1.2.11
7f8b8eaae000-7f8b8ec95000 r-xp 00000000 08:08 11538261                   /lib/x86_64-linux-gnu/libc-2.27.so
7f8b8ec95000-7f8b8ee95000 ---p 001e7000 08:08 11538261                   /lib/x86_64-linux-gnu/libc-2.27.so
7f8b8ee95000-7f8b8ee99000 r--p 001e7000 08:08 11538261                   /lib/x86_64-linux-gnu/libc-2.27.so
7f8b8ee99000-7f8b8ee9b000 rw-p 001eb000 08:08 11538261                   /lib/x86_64-linux-gnu/libc-2.27.so
7f8b8ee9b000-7f8b8ee9f000 rw-p 00000000 00:00 0 
7f8b8ee9f000-7f8b8eead000 r-xp 00000000 08:08 18490684                   /usr/lib/jvm/java-8-openjdk-amd64/jre/lib/amd64/jli/libjli.so
7f8b8eead000-7f8b8f0ac000 ---p 0000e000 08:08 18490684                   /usr/lib/jvm/java-8-openjdk-amd64/jre/lib/amd64/jli/libjli.so
7f8b8f0ac000-7f8b8f0ad000 r--p 0000d000 08:08 18490684                   /usr/lib/jvm/java-8-openjdk-amd64/jre/lib/amd64/jli/libjli.so
7f8b8f0ad000-7f8b8f0ae000 rw-p 0000e000 08:08 18490684                   /usr/lib/jvm/java-8-openjdk-amd64/jre/lib/amd64/jli/libjli.so
7f8b8f0ae000-7f8b8f0d5000 r-xp 00000000 08:08 11536022                   /lib/x86_64-linux-gnu/ld-2.27.so
7f8b8f0d5000-7f8b8f0d7000 r--s 00000000 08:08 18889655                   /usr/share/java/plexus-component-annotations.jar
7f8b8f0d7000-7f8b8f0da000 r--s 0000a000 08:08 18881852                   /usr/share/java/maven3-artifact.jar
7f8b8f0da000-7f8b8f0db000 r--s 00002000 08:08 18887226                   /usr/share/java/geronimo-annotation-1.3-spec.jar
7f8b8f0db000-7f8b8f0dd000 r--s 0000b000 08:08 18875359                   /usr/share/java/plexus-classworlds.jar
7f8b8f0dd000-7f8b8f0e1000 r--s 0003a000 08:08 18490739                   /usr/lib/jvm/java-8-openjdk-amd64/jre/lib/ext/sunpkcs11.jar
7f8b8f0e1000-7f8b8f0e7000 r--s 0003d000 08:08 18490738                   /usr/lib/jvm/java-8-openjdk-amd64/jre/lib/ext/sunjce_provider.jar
7f8b8f0e7000-7f8b8f1b2000 rw-p 00000000 00:00 0 
7f8b8f1b2000-7f8b8f1b3000 ---p 00000000 00:00 0 
7f8b8f1b3000-7f8b8f1b6000 ---p 00000000 00:00 0 
7f8b8f1b6000-7f8b8f2b5000 rw-p 00000000 00:00 0 
7f8b8f2b5000-7f8b8f2b6000 r--s 0000d000 08:08 18490737                   /usr/lib/jvm/java-8-openjdk-amd64/jre/lib/ext/sunec.jar
7f8b8f2b6000-7f8b8f2b8000 r--s 00007000 08:08 18875430                   /usr/share/java/java-atk-wrapper.jar
7f8b8f2b8000-7f8b8f2b9000 r--s 00010000 08:08 18490740                   /usr/lib/jvm/java-8-openjdk-amd64/jre/lib/ext/zipfs.jar
7f8b8f2b9000-7f8b8f2bb000 r--s 00001000 08:08 18490732                   /usr/lib/jvm/java-8-openjdk-amd64/jre/lib/ext/dnsns.jar
7f8b8f2bb000-7f8b8f2be000 r--s 0000f000 08:08 18490733                   /usr/lib/jvm/java-8-openjdk-amd64/jre/lib/ext/icedtea-sound.jar
7f8b8f2be000-7f8b8f2bf000 r--s 0000a000 08:08 18490734                   /usr/lib/jvm/java-8-openjdk-amd64/jre/lib/ext/jaccess.jar
7f8b8f2bf000-7f8b8f2c9000 r--s 00116000 08:08 18490735                   /usr/lib/jvm/java-8-openjdk-amd64/jre/lib/ext/localedata.jar
7f8b8f2c9000-7f8b8f2d1000 rw-s 00000000 08:08 13107582                   /tmp/hsperfdata_lukas/29916
7f8b8f2d1000-7f8b8f2d2000 rw-p 00000000 00:00 0 
7f8b8f2d2000-7f8b8f2d3000 ---p 00000000 00:00 0 
7f8b8f2d3000-7f8b8f2d5000 rw-p 00000000 00:00 0 
7f8b8f2d5000-7f8b8f2d6000 r--p 00027000 08:08 11536022                   /lib/x86_64-linux-gnu/ld-2.27.so
7f8b8f2d6000-7f8b8f2d7000 rw-p 00028000 08:08 11536022                   /lib/x86_64-linux-gnu/ld-2.27.so
7f8b8f2d7000-7f8b8f2d8000 rw-p 00000000 00:00 0 
7ffd7f53a000-7ffd7f55c000 rw-p 00000000 00:00 0                          [stack]
7ffd7f5a0000-7ffd7f5a3000 r--p 00000000 00:00 0                          [vvar]
7ffd7f5a3000-7ffd7f5a5000 r-xp 00000000 00:00 0                          [vdso]
ffffffffff600000-ffffffffff601000 r-xp 00000000 00:00 0                  [vsyscall]

VM Arguments:
jvm_args: -Dclassworlds.conf=/usr/share/maven/bin/m2.conf -Dmaven.home=/usr/share/maven -Dlibrary.jansi.path=/usr/share/maven/lib/jansi-native -Dmaven.multiModuleProjectDirectory=/home/lukas/Dokumente/gradoop 
java_command: org.codehaus.plexus.classworlds.launcher.Launcher package -DskipTests -Dcheckstyle.skip
java_class_path (initial): /usr/share/maven/boot/plexus-classworlds-2.x.jar
Launcher Type: SUN_STANDARD

Environment Variables:
JAVA_HOME=/usr/lib/jvm/java-8-openjdk-amd64
PATH=/home/lukas/bin:/home/lukas/.local/bin:/usr/local/sbin:/usr/local/bin:/usr/sbin:/usr/bin:/sbin:/bin:/usr/games:/usr/local/games:/snap/bin:/home/lukas/Downloads/hadoop-3.2.1/bin
USERNAME=lukas
SHELL=/bin/bash
DISPLAY=:0

Signal Handlers:
SIGSEGV: [libjvm.so+0xabd470], sa_mask[0]=11111111011111111101111111111110, sa_flags=SA_RESTART|SA_SIGINFO
SIGBUS: [libjvm.so+0xabd470], sa_mask[0]=11111111011111111101111111111110, sa_flags=SA_RESTART|SA_SIGINFO
SIGFPE: [libjvm.so+0x8f1c90], sa_mask[0]=11111111011111111101111111111110, sa_flags=SA_RESTART|SA_SIGINFO
SIGPIPE: [libjvm.so+0x8f1c90], sa_mask[0]=11111111011111111101111111111110, sa_flags=SA_RESTART|SA_SIGINFO
SIGXFSZ: [libjvm.so+0x8f1c90], sa_mask[0]=11111111011111111101111111111110, sa_flags=SA_RESTART|SA_SIGINFO
SIGILL: [libjvm.so+0x8f1c90], sa_mask[0]=11111111011111111101111111111110, sa_flags=SA_RESTART|SA_SIGINFO
SIGUSR1: SIG_DFL, sa_mask[0]=00000000000000000000000000000000, sa_flags=none
SIGUSR2: [libjvm.so+0x8f1b40], sa_mask[0]=00100000000000000000000000000000, sa_flags=SA_RESTART|SA_SIGINFO
SIGHUP: [libjvm.so+0x8f21b0], sa_mask[0]=11111111011111111101111111111110, sa_flags=SA_RESTART|SA_SIGINFO
SIGINT: [libjvm.so+0x8f21b0], sa_mask[0]=11111111011111111101111111111110, sa_flags=SA_RESTART|SA_SIGINFO
SIGTERM: [libjvm.so+0x8f21b0], sa_mask[0]=11111111011111111101111111111110, sa_flags=SA_RESTART|SA_SIGINFO
SIGQUIT: [libjvm.so+0x8f21b0], sa_mask[0]=11111111011111111101111111111110, sa_flags=SA_RESTART|SA_SIGINFO


---------------  S Y S T E M  ---------------

OS:DISTRIB_ID=Ubuntu
DISTRIB_RELEASE=18.04
DISTRIB_CODENAME=bionic
DISTRIB_DESCRIPTION="Ubuntu 18.04.4 LTS"

uname:Linux 4.15.0-109-generic #110-Ubuntu SMP Tue Jun 23 02:39:32 UTC 2020 x86_64
libc:glibc 2.27 NPTL 2.27 
rlimit: STACK 8192k, CORE 0k, NPROC 31016, NOFILE 1048576, AS infinity
load average:68,70 20,13 7,64

/proc/meminfo:
MemTotal:        8056900 kB
MemFree:          111964 kB
MemAvailable:      38504 kB
Buffers:            4964 kB
Cached:           505516 kB
SwapCached:        17288 kB
Active:          6677804 kB
Inactive:         879088 kB
Active(anon):    6645908 kB
Inactive(anon):   850816 kB
Active(file):      31896 kB
Inactive(file):    28272 kB
Unevictable:          16 kB
Mlocked:              16 kB
SwapTotal:       1000444 kB
SwapFree:          30888 kB
Dirty:                96 kB
Writeback:          8732 kB
AnonPages:       7031212 kB
Mapped:           314052 kB
Shmem:            450388 kB
Slab:             194696 kB
SReclaimable:      68440 kB
SUnreclaim:       126256 kB
KernelStack:       22112 kB
PageTables:        76880 kB
NFS_Unstable:          0 kB
Bounce:                0 kB
WritebackTmp:          0 kB
CommitLimit:     5028892 kB
Committed_AS:   16312516 kB
VmallocTotal:   34359738367 kB
VmallocUsed:           0 kB
VmallocChunk:          0 kB
HardwareCorrupted:     0 kB
AnonHugePages:         0 kB
ShmemHugePages:        0 kB
ShmemPmdMapped:        0 kB
CmaTotal:              0 kB
CmaFree:               0 kB
HugePages_Total:       0
HugePages_Free:        0
HugePages_Rsvd:        0
HugePages_Surp:        0
Hugepagesize:       2048 kB
DirectMap4k:      406272 kB
DirectMap2M:     7872512 kB
DirectMap1G:     1048576 kB

container (cgroup) information:
container_type: cgroupv1
cpu_cpuset_cpus: 0-3
cpu_memory_nodes: 0
active_processor_count: 4
cpu_quota: -1
cpu_period: 100000
cpu_shares: -1
memory_limit_in_bytes: -1
memory_and_swap_limit_in_bytes: -2
memory_soft_limit_in_bytes: -1
memory_usage_in_bytes: 7825633280
memory_max_usage_in_bytes: 7841701888


CPU:total 4 (initial active 4) (2 cores per cpu, 2 threads per core) family 6 model 69 stepping 1, cmov, cx8, fxsr, mmx, sse, sse2, sse3, ssse3, sse4.1, sse4.2, popcnt, avx, avx2, aes, clmul, erms, lzcnt, ht, tsc, tscinvbit, bmi1, bmi2

/proc/cpuinfo:
processor	: 0
vendor_id	: GenuineIntel
cpu family	: 6
model		: 69
model name	: Intel(R) Core(TM) i5-4210U CPU @ 1.70GHz
stepping	: 1
microcode	: 0x26
cpu MHz		: 1695.906
cache size	: 3072 KB
physical id	: 0
siblings	: 4
core id		: 0
cpu cores	: 2
apicid		: 0
initial apicid	: 0
fpu		: yes
fpu_exception	: yes
cpuid level	: 13
wp		: yes
flags		: fpu vme de pse tsc msr pae mce cx8 apic sep mtrr pge mca cmov pat pse36 clflush dts acpi mmx fxsr sse sse2 ss ht tm pbe syscall nx pdpe1gb rdtscp lm constant_tsc arch_perfmon pebs bts rep_good nopl xtopology nonstop_tsc cpuid aperfmperf pni pclmulqdq dtes64 monitor ds_cpl vmx est tm2 ssse3 sdbg fma cx16 xtpr pdcm pcid sse4_1 sse4_2 movbe popcnt tsc_deadline_timer aes xsave avx f16c rdrand lahf_lm abm cpuid_fault epb invpcid_single pti ssbd ibrs ibpb stibp tpr_shadow vnmi flexpriority ept vpid fsgsbase tsc_adjust bmi1 avx2 smep bmi2 erms invpcid xsaveopt dtherm ida arat pln pts md_clear flush_l1d
bugs		: cpu_meltdown spectre_v1 spectre_v2 spec_store_bypass l1tf mds swapgs itlb_multihit srbds
bogomips	: 4788.65
clflush size	: 64
cache_alignment	: 64
address sizes	: 39 bits physical, 48 bits virtual
power management:

processor	: 1
vendor_id	: GenuineIntel
cpu family	: 6
model		: 69
model name	: Intel(R) Core(TM) i5-4210U CPU @ 1.70GHz
stepping	: 1
microcode	: 0x26
cpu MHz		: 1479.201
cache size	: 3072 KB
physical id	: 0
siblings	: 4
core id		: 0
cpu cores	: 2
apicid		: 1
initial apicid	: 1
fpu		: yes
fpu_exception	: yes
cpuid level	: 13
wp		: yes
flags		: fpu vme de pse tsc msr pae mce cx8 apic sep mtrr pge mca cmov pat pse36 clflush dts acpi mmx fxsr sse sse2 ss ht tm pbe syscall nx pdpe1gb rdtscp lm constant_tsc arch_perfmon pebs bts rep_good nopl xtopology nonstop_tsc cpuid aperfmperf pni pclmulqdq dtes64 monitor ds_cpl vmx est tm2 ssse3 sdbg fma cx16 xtpr pdcm pcid sse4_1 sse4_2 movbe popcnt tsc_deadline_timer aes xsave avx f16c rdrand lahf_lm abm cpuid_fault epb invpcid_single pti ssbd ibrs ibpb stibp tpr_shadow vnmi flexpriority ept vpid fsgsbase tsc_adjust bmi1 avx2 smep bmi2 erms invpcid xsaveopt dtherm ida arat pln pts md_clear flush_l1d
bugs		: cpu_meltdown spectre_v1 spectre_v2 spec_store_bypass l1tf mds swapgs itlb_multihit srbds
bogomips	: 4788.65
clflush size	: 64
cache_alignment	: 64
address sizes	: 39 bits physical, 48 bits virtual
power management:

processor	: 2
vendor_id	: GenuineIntel
cpu family	: 6
model		: 69
model name	: Intel(R) Core(TM) i5-4210U CPU @ 1.70GHz
stepping	: 1
microcode	: 0x26
cpu MHz		: 1658.665
cache size	: 3072 KB
physical id	: 0
siblings	: 4
core id		: 1
cpu cores	: 2
apicid		: 2
initial apicid	: 2
fpu		: yes
fpu_exception	: yes
cpuid level	: 13
wp		: yes
flags		: fpu vme de pse tsc msr pae mce cx8 apic sep mtrr pge mca cmov pat pse36 clflush dts acpi mmx fxsr sse sse2 ss ht tm pbe syscall nx pdpe1gb rdtscp lm constant_tsc arch_perfmon pebs bts rep_good nopl xtopology nonstop_tsc cpuid aperfmperf pni pclmulqdq dtes64 monitor ds_cpl vmx est tm2 ssse3 sdbg fma cx16 xtpr pdcm pcid sse4_1 sse4_2 movbe popcnt tsc_deadline_timer aes xsave avx f16c rdrand lahf_lm abm cpuid_fault epb invpcid_single pti ssbd ibrs ibpb stibp tpr_shadow vnmi flexpriority ept vpid fsgsbase tsc_adjust bmi1 avx2 smep bmi2 erms invpcid xsaveopt dtherm ida arat pln pts md_clear flush_l1d
bugs		: cpu_meltdown spectre_v1 spectre_v2 spec_store_bypass l1tf mds swapgs itlb_multihit srbds
bogomips	: 4788.65
clflush size	: 64
cache_alignment	: 64
address sizes	: 39 bits physical, 48 bits virtual
power management:

processor	: 3
vendor_id	: GenuineIntel
cpu family	: 6
model		: 69
model name	: Intel(R) Core(TM) i5-4210U CPU @ 1.70GHz
stepping	: 1
microcode	: 0x26
cpu MHz		: 1696.165
cache size	: 3072 KB
physical id	: 0
siblings	: 4
core id		: 1
cpu cores	: 2
apicid		: 3
initial apicid	: 3
fpu		: yes
fpu_exception	: yes
cpuid level	: 13
wp		: yes
flags		: fpu vme de pse tsc msr pae mce cx8 apic sep mtrr pge mca cmov pat pse36 clflush dts acpi mmx fxsr sse sse2 ss ht tm pbe syscall nx pdpe1gb rdtscp lm constant_tsc arch_perfmon pebs bts rep_good nopl xtopology nonstop_tsc cpuid aperfmperf pni pclmulqdq dtes64 monitor ds_cpl vmx est tm2 ssse3 sdbg fma cx16 xtpr pdcm pcid sse4_1 sse4_2 movbe popcnt tsc_deadline_timer aes xsave avx f16c rdrand lahf_lm abm cpuid_fault epb invpcid_single pti ssbd ibrs ibpb stibp tpr_shadow vnmi flexpriority ept vpid fsgsbase tsc_adjust bmi1 avx2 smep bmi2 erms invpcid xsaveopt dtherm ida arat pln pts md_clear flush_l1d
bugs		: cpu_meltdown spectre_v1 spectre_v2 spec_store_bypass l1tf mds swapgs itlb_multihit srbds
bogomips	: 4788.65
clflush size	: 64
cache_alignment	: 64
address sizes	: 39 bits physical, 48 bits virtual
power management:



Memory: 4k page, physical 8056900k(111468k free), swap 1000444k(30548k free)

vm_info: OpenJDK 64-Bit Server VM (25.252-b09) for linux-amd64 JRE (1.8.0_252-8u252-b09-1~18.04-b09), built on Apr 15 2020 18:48:05 by "buildd" with gcc 7.5.0

time: Thu Jul 16 12:37:54 2020
timezone: CEST
elapsed time: 88 seconds (0d 0h 1m 28s)

